<?xml version="1.0" encoding="UTF-8"?>
<!-- Generated by org.testng.reporters.JUnitXMLReporter -->
<testsuite ignored="0" hostname="LAPTOP-PF6E4F9M" failures="6" tests="16" name="Test" time="120.815" errors="0" timestamp="2023-04-20T00:48:18 ICT">
  <testcase classname="sendkey.Selenium" name="FillSignUp1" time="11.096"/>
  <testcase classname="sendkey.Selenium" name="FillSignUp2" time="6.479"/>
  <testcase classname="sendkey.Selenium" name="FillSignUp3" time="6.545"/>
  <testcase classname="sendkey.Selenium" name="FillSignUp4" time="6.544"/>
  <testcase classname="sendkey.Selenium" name="FillSignUp5" time="6.524"/>
  <testcase classname="sendkey.Selenium" name="FillSignUp6" time="6.544"/>
  <testcase classname="sendkey.Selenium" name="FillSignUp7" time="6.68"/>
  <testcase classname="sendkey.Selenium" name="LoginDetail1" time="3.279">
    <failure type="java.lang.AssertionError">
      <![CDATA[java.lang.AssertionError: 
at sendkey.Selenium.LoginDetail1(Selenium.java:276)
at java.base/java.util.ArrayList.forEach(ArrayList.java:1511)
... Removed 30 stack frames]]>
    </failure>
  </testcase> <!-- LoginDetail1 -->
  <testcase classname="sendkey.Selenium" name="LoginDetail2" time="3.146">
    <failure type="java.lang.AssertionError">
      <![CDATA[java.lang.AssertionError: 
at sendkey.Selenium.LoginDetail2(Selenium.java:297)
at java.base/java.util.ArrayList.forEach(ArrayList.java:1511)
... Removed 30 stack frames]]>
    </failure>
  </testcase> <!-- LoginDetail2 -->
  <testcase classname="sendkey.Selenium" name="LoginDetail3" time="3.189">
    <failure type="java.lang.AssertionError">
      <![CDATA[java.lang.AssertionError: 
at sendkey.Selenium.LoginDetail3(Selenium.java:318)
at java.base/java.util.ArrayList.forEach(ArrayList.java:1511)
... Removed 30 stack frames]]>
    </failure>
  </testcase> <!-- LoginDetail3 -->
  <testcase classname="sendkey.Selenium" name="LoginDetail4" time="3.167">
    <failure type="java.lang.AssertionError">
      <![CDATA[java.lang.AssertionError: 
at sendkey.Selenium.LoginDetail4(Selenium.java:339)
at java.base/java.util.ArrayList.forEach(ArrayList.java:1511)
... Removed 30 stack frames]]>
    </failure>
  </testcase> <!-- LoginDetail4 -->
  <testcase classname="sendkey.Selenium" name="LoginDetail5" time="3.164">
    <failure type="java.lang.AssertionError">
      <![CDATA[java.lang.AssertionError: 
at sendkey.Selenium.LoginDetail5(Selenium.java:360)
at java.base/java.util.ArrayList.forEach(ArrayList.java:1511)
... Removed 30 stack frames]]>
    </failure>
  </testcase> <!-- LoginDetail5 -->
  <testcase classname="sendkey.Selenium" name="LoginDetail6" time="3.153">
    <failure type="java.lang.AssertionError">
      <![CDATA[java.lang.AssertionError: 
at sendkey.Selenium.LoginDetail6(Selenium.java:381)
at java.base/java.util.ArrayList.forEach(ArrayList.java:1511)
... Removed 30 stack frames]]>
    </failure>
  </testcase> <!-- LoginDetail6 -->
  <testcase classname="sendkey.Selenium" name="FillLogin7" time="8.65"/>
  <testcase classname="sendkey.Selenium" name="FillDetails" time="12.924"/>
  <testcase classname="sendkey.Selenium" name="DeleteUser" time="16.537"/>
</testsuite> <!-- Test -->
